<?xml version="1.0" encoding="UTF-8"?>
<testsuite xmlns:xsi="http://www.w3.org/2001/XMLSchema-instance" xsi:noNamespaceSchemaLocation="https://maven.apache.org/surefire/maven-surefire-plugin/xsd/surefire-test-report.xsd" name="com.api.automation.ParallelRunner" time="0.125" tests="1" errors="1" skipped="0" failures="0">
  <properties>
    <property name="java.specification.version" value="18"/>
    <property name="sun.jnu.encoding" value="UTF-8"/>
    <property name="java.class.path" value="/Volumes/development/api-testing/target/test-classes:/Volumes/development/api-testing/target/classes:/Users/nishthabhardwaj/.m2/repository/com/intuit/karate/karate-apache/0.9.6/karate-apache-0.9.6.jar:/Users/nishthabhardwaj/.m2/repository/com/intuit/karate/karate-core/0.9.6/karate-core-0.9.6.jar:/Users/nishthabhardwaj/.m2/repository/com/jayway/jsonpath/json-path/2.4.0/json-path-2.4.0.jar:/Users/nishthabhardwaj/.m2/repository/net/minidev/json-smart/2.3/json-smart-2.3.jar:/Users/nishthabhardwaj/.m2/repository/net/minidev/accessors-smart/1.2/accessors-smart-1.2.jar:/Users/nishthabhardwaj/.m2/repository/org/ow2/asm/asm/5.0.4/asm-5.0.4.jar:/Users/nishthabhardwaj/.m2/repository/info/cukes/cucumber-java/1.2.5/cucumber-java-1.2.5.jar:/Users/nishthabhardwaj/.m2/repository/info/cukes/cucumber-core/1.2.5/cucumber-core-1.2.5.jar:/Users/nishthabhardwaj/.m2/repository/org/yaml/snakeyaml/1.24/snakeyaml-1.24.jar:/Users/nishthabhardwaj/.m2/repository/de/siegmar/fastcsv/1.0.3/fastcsv-1.0.3.jar:/Users/nishthabhardwaj/.m2/repository/info/picocli/picocli/4.0.3/picocli-4.0.3.jar:/Users/nishthabhardwaj/.m2/repository/org/apache/httpcomponents/httpclient/4.5.12/httpclient-4.5.12.jar:/Users/nishthabhardwaj/.m2/repository/org/apache/httpcomponents/httpcore/4.4.13/httpcore-4.4.13.jar:/Users/nishthabhardwaj/.m2/repository/commons-codec/commons-codec/1.11/commons-codec-1.11.jar:/Users/nishthabhardwaj/.m2/repository/org/apache/httpcomponents/httpmime/4.5.12/httpmime-4.5.12.jar:/Users/nishthabhardwaj/.m2/repository/org/slf4j/jcl-over-slf4j/1.7.25/jcl-over-slf4j-1.7.25.jar:/Users/nishthabhardwaj/.m2/repository/org/slf4j/slf4j-api/1.7.25/slf4j-api-1.7.25.jar:/Users/nishthabhardwaj/.m2/repository/ch/qos/logback/logback-classic/1.2.3/logback-classic-1.2.3.jar:/Users/nishthabhardwaj/.m2/repository/ch/qos/logback/logback-core/1.2.3/logback-core-1.2.3.jar:/Users/nishthabhardwaj/.m2/repository/com/intuit/karate/karate-junit5/0.9.6/karate-junit5-0.9.6.jar:/Users/nishthabhardwaj/.m2/repository/org/junit/jupiter/junit-jupiter-api/5.5.0/junit-jupiter-api-5.5.0.jar:/Users/nishthabhardwaj/.m2/repository/org/apiguardian/apiguardian-api/1.1.0/apiguardian-api-1.1.0.jar:/Users/nishthabhardwaj/.m2/repository/org/opentest4j/opentest4j/1.2.0/opentest4j-1.2.0.jar:/Users/nishthabhardwaj/.m2/repository/org/junit/platform/junit-platform-commons/1.5.0/junit-platform-commons-1.5.0.jar:/Users/nishthabhardwaj/.m2/repository/org/junit/jupiter/junit-jupiter-engine/5.5.0/junit-jupiter-engine-5.5.0.jar:/Users/nishthabhardwaj/.m2/repository/org/junit/platform/junit-platform-engine/1.5.0/junit-platform-engine-1.5.0.jar:/Users/nishthabhardwaj/.m2/repository/net/masterthought/cucumber-reporting/5.4.0/cucumber-reporting-5.4.0.jar:/Users/nishthabhardwaj/.m2/repository/com/fasterxml/jackson/core/jackson-databind/2.10.1/jackson-databind-2.10.1.jar:/Users/nishthabhardwaj/.m2/repository/com/fasterxml/jackson/core/jackson-annotations/2.10.1/jackson-annotations-2.10.1.jar:/Users/nishthabhardwaj/.m2/repository/com/fasterxml/jackson/core/jackson-core/2.10.1/jackson-core-2.10.1.jar:/Users/nishthabhardwaj/.m2/repository/com/fasterxml/jackson/datatype/jackson-datatype-jsr310/2.10.1/jackson-datatype-jsr310-2.10.1.jar:/Users/nishthabhardwaj/.m2/repository/org/apache/velocity/velocity-engine-core/2.1/velocity-engine-core-2.1.jar:/Users/nishthabhardwaj/.m2/repository/commons-collections/commons-collections/3.2.2/commons-collections-3.2.2.jar:/Users/nishthabhardwaj/.m2/repository/joda-time/joda-time/2.10.5/joda-time-2.10.5.jar:/Users/nishthabhardwaj/.m2/repository/org/apache/commons/commons-lang3/3.9/commons-lang3-3.9.jar:/Users/nishthabhardwaj/.m2/repository/commons-io/commons-io/2.6/commons-io-2.6.jar:/Users/nishthabhardwaj/.m2/repository/org/codehaus/plexus/plexus-utils/3.3.0/plexus-utils-3.3.0.jar:/Users/nishthabhardwaj/.m2/repository/org/jsoup/jsoup/1.12.1/jsoup-1.12.1.jar:/Users/nishthabhardwaj/.m2/repository/com/googlecode/owasp-java-html-sanitizer/owasp-java-html-sanitizer/20191001.1/owasp-java-html-sanitizer-20191001.1.jar:/Users/nishthabhardwaj/.m2/repository/com/google/guava/guava/27.1-jre/guava-27.1-jre.jar:/Users/nishthabhardwaj/.m2/repository/com/google/guava/failureaccess/1.0.1/failureaccess-1.0.1.jar:/Users/nishthabhardwaj/.m2/repository/com/google/guava/listenablefuture/9999.0-empty-to-avoid-conflict-with-guava/listenablefuture-9999.0-empty-to-avoid-conflict-with-guava.jar:/Users/nishthabhardwaj/.m2/repository/com/google/code/findbugs/jsr305/3.0.2/jsr305-3.0.2.jar:/Users/nishthabhardwaj/.m2/repository/org/checkerframework/checker-qual/2.5.2/checker-qual-2.5.2.jar:/Users/nishthabhardwaj/.m2/repository/com/google/errorprone/error_prone_annotations/2.2.0/error_prone_annotations-2.2.0.jar:/Users/nishthabhardwaj/.m2/repository/com/google/j2objc/j2objc-annotations/1.1/j2objc-annotations-1.1.jar:/Users/nishthabhardwaj/.m2/repository/org/codehaus/mojo/animal-sniffer-annotations/1.17/animal-sniffer-annotations-1.17.jar:/Users/nishthabhardwaj/.m2/repository/commons-configuration/commons-configuration/1.10/commons-configuration-1.10.jar:/Users/nishthabhardwaj/.m2/repository/commons-lang/commons-lang/2.6/commons-lang-2.6.jar:/Users/nishthabhardwaj/.m2/repository/commons-logging/commons-logging/1.1.1/commons-logging-1.1.1.jar:"/>
    <property name="java.vm.vendor" value="Homebrew"/>
    <property name="sun.arch.data.model" value="64"/>
    <property name="karate.env" value="cloud"/>
    <property name="java.vendor.url" value="https://github.com/Homebrew/homebrew-core/issues"/>
    <property name="os.name" value="Mac OS X"/>
    <property name="java.vm.specification.version" value="18"/>
    <property name="sun.java.launcher" value="SUN_STANDARD"/>
    <property name="user.country" value="IN"/>
    <property name="sun.boot.library.path" value="/opt/homebrew/Cellar/openjdk/18/libexec/openjdk.jdk/Contents/Home/lib"/>
    <property name="sun.java.command" value="/Volumes/development/api-testing/target/surefire/surefirebooter10755520735946028379.jar /Volumes/development/api-testing/target/surefire 2022-04-23T13-28-44_753-jvmRun1 surefire11828919510522568274tmp surefire_06463055614006999283tmp"/>
    <property name="http.nonProxyHosts" value="local|*.local|169.254/16|*.169.254/16"/>
    <property name="jdk.debug" value="release"/>
    <property name="surefire.test.class.path" value="/Volumes/development/api-testing/target/test-classes:/Volumes/development/api-testing/target/classes:/Users/nishthabhardwaj/.m2/repository/com/intuit/karate/karate-apache/0.9.6/karate-apache-0.9.6.jar:/Users/nishthabhardwaj/.m2/repository/com/intuit/karate/karate-core/0.9.6/karate-core-0.9.6.jar:/Users/nishthabhardwaj/.m2/repository/com/jayway/jsonpath/json-path/2.4.0/json-path-2.4.0.jar:/Users/nishthabhardwaj/.m2/repository/net/minidev/json-smart/2.3/json-smart-2.3.jar:/Users/nishthabhardwaj/.m2/repository/net/minidev/accessors-smart/1.2/accessors-smart-1.2.jar:/Users/nishthabhardwaj/.m2/repository/org/ow2/asm/asm/5.0.4/asm-5.0.4.jar:/Users/nishthabhardwaj/.m2/repository/info/cukes/cucumber-java/1.2.5/cucumber-java-1.2.5.jar:/Users/nishthabhardwaj/.m2/repository/info/cukes/cucumber-core/1.2.5/cucumber-core-1.2.5.jar:/Users/nishthabhardwaj/.m2/repository/org/yaml/snakeyaml/1.24/snakeyaml-1.24.jar:/Users/nishthabhardwaj/.m2/repository/de/siegmar/fastcsv/1.0.3/fastcsv-1.0.3.jar:/Users/nishthabhardwaj/.m2/repository/info/picocli/picocli/4.0.3/picocli-4.0.3.jar:/Users/nishthabhardwaj/.m2/repository/org/apache/httpcomponents/httpclient/4.5.12/httpclient-4.5.12.jar:/Users/nishthabhardwaj/.m2/repository/org/apache/httpcomponents/httpcore/4.4.13/httpcore-4.4.13.jar:/Users/nishthabhardwaj/.m2/repository/commons-codec/commons-codec/1.11/commons-codec-1.11.jar:/Users/nishthabhardwaj/.m2/repository/org/apache/httpcomponents/httpmime/4.5.12/httpmime-4.5.12.jar:/Users/nishthabhardwaj/.m2/repository/org/slf4j/jcl-over-slf4j/1.7.25/jcl-over-slf4j-1.7.25.jar:/Users/nishthabhardwaj/.m2/repository/org/slf4j/slf4j-api/1.7.25/slf4j-api-1.7.25.jar:/Users/nishthabhardwaj/.m2/repository/ch/qos/logback/logback-classic/1.2.3/logback-classic-1.2.3.jar:/Users/nishthabhardwaj/.m2/repository/ch/qos/logback/logback-core/1.2.3/logback-core-1.2.3.jar:/Users/nishthabhardwaj/.m2/repository/com/intuit/karate/karate-junit5/0.9.6/karate-junit5-0.9.6.jar:/Users/nishthabhardwaj/.m2/repository/org/junit/jupiter/junit-jupiter-api/5.5.0/junit-jupiter-api-5.5.0.jar:/Users/nishthabhardwaj/.m2/repository/org/apiguardian/apiguardian-api/1.1.0/apiguardian-api-1.1.0.jar:/Users/nishthabhardwaj/.m2/repository/org/opentest4j/opentest4j/1.2.0/opentest4j-1.2.0.jar:/Users/nishthabhardwaj/.m2/repository/org/junit/platform/junit-platform-commons/1.5.0/junit-platform-commons-1.5.0.jar:/Users/nishthabhardwaj/.m2/repository/org/junit/jupiter/junit-jupiter-engine/5.5.0/junit-jupiter-engine-5.5.0.jar:/Users/nishthabhardwaj/.m2/repository/org/junit/platform/junit-platform-engine/1.5.0/junit-platform-engine-1.5.0.jar:/Users/nishthabhardwaj/.m2/repository/net/masterthought/cucumber-reporting/5.4.0/cucumber-reporting-5.4.0.jar:/Users/nishthabhardwaj/.m2/repository/com/fasterxml/jackson/core/jackson-databind/2.10.1/jackson-databind-2.10.1.jar:/Users/nishthabhardwaj/.m2/repository/com/fasterxml/jackson/core/jackson-annotations/2.10.1/jackson-annotations-2.10.1.jar:/Users/nishthabhardwaj/.m2/repository/com/fasterxml/jackson/core/jackson-core/2.10.1/jackson-core-2.10.1.jar:/Users/nishthabhardwaj/.m2/repository/com/fasterxml/jackson/datatype/jackson-datatype-jsr310/2.10.1/jackson-datatype-jsr310-2.10.1.jar:/Users/nishthabhardwaj/.m2/repository/org/apache/velocity/velocity-engine-core/2.1/velocity-engine-core-2.1.jar:/Users/nishthabhardwaj/.m2/repository/commons-collections/commons-collections/3.2.2/commons-collections-3.2.2.jar:/Users/nishthabhardwaj/.m2/repository/joda-time/joda-time/2.10.5/joda-time-2.10.5.jar:/Users/nishthabhardwaj/.m2/repository/org/apache/commons/commons-lang3/3.9/commons-lang3-3.9.jar:/Users/nishthabhardwaj/.m2/repository/commons-io/commons-io/2.6/commons-io-2.6.jar:/Users/nishthabhardwaj/.m2/repository/org/codehaus/plexus/plexus-utils/3.3.0/plexus-utils-3.3.0.jar:/Users/nishthabhardwaj/.m2/repository/org/jsoup/jsoup/1.12.1/jsoup-1.12.1.jar:/Users/nishthabhardwaj/.m2/repository/com/googlecode/owasp-java-html-sanitizer/owasp-java-html-sanitizer/20191001.1/owasp-java-html-sanitizer-20191001.1.jar:/Users/nishthabhardwaj/.m2/repository/com/google/guava/guava/27.1-jre/guava-27.1-jre.jar:/Users/nishthabhardwaj/.m2/repository/com/google/guava/failureaccess/1.0.1/failureaccess-1.0.1.jar:/Users/nishthabhardwaj/.m2/repository/com/google/guava/listenablefuture/9999.0-empty-to-avoid-conflict-with-guava/listenablefuture-9999.0-empty-to-avoid-conflict-with-guava.jar:/Users/nishthabhardwaj/.m2/repository/com/google/code/findbugs/jsr305/3.0.2/jsr305-3.0.2.jar:/Users/nishthabhardwaj/.m2/repository/org/checkerframework/checker-qual/2.5.2/checker-qual-2.5.2.jar:/Users/nishthabhardwaj/.m2/repository/com/google/errorprone/error_prone_annotations/2.2.0/error_prone_annotations-2.2.0.jar:/Users/nishthabhardwaj/.m2/repository/com/google/j2objc/j2objc-annotations/1.1/j2objc-annotations-1.1.jar:/Users/nishthabhardwaj/.m2/repository/org/codehaus/mojo/animal-sniffer-annotations/1.17/animal-sniffer-annotations-1.17.jar:/Users/nishthabhardwaj/.m2/repository/commons-configuration/commons-configuration/1.10/commons-configuration-1.10.jar:/Users/nishthabhardwaj/.m2/repository/commons-lang/commons-lang/2.6/commons-lang-2.6.jar:/Users/nishthabhardwaj/.m2/repository/commons-logging/commons-logging/1.1.1/commons-logging-1.1.1.jar:"/>
    <property name="sun.cpu.endian" value="little"/>
    <property name="user.home" value="/Users/nishthabhardwaj"/>
    <property name="user.language" value="en"/>
    <property name="java.specification.vendor" value="Oracle Corporation"/>
    <property name="java.version.date" value="2022-03-22"/>
    <property name="java.home" value="/opt/homebrew/Cellar/openjdk/18/libexec/openjdk.jdk/Contents/Home"/>
    <property name="file.separator" value="/"/>
    <property name="basedir" value="/Volumes/development/api-testing"/>
    <property name="java.vm.compressedOopsMode" value="Zero based"/>
    <property name="line.separator" value="&#10;"/>
    <property name="java.vm.specification.vendor" value="Oracle Corporation"/>
    <property name="java.specification.name" value="Java Platform API Specification"/>
    <property name="apple.awt.application.name" value="ForkedBooter"/>
    <property name="surefire.real.class.path" value="/Volumes/development/api-testing/target/surefire/surefirebooter10755520735946028379.jar"/>
    <property name="sun.management.compiler" value="HotSpot 64-Bit Tiered Compilers"/>
    <property name="ftp.nonProxyHosts" value="local|*.local|169.254/16|*.169.254/16"/>
    <property name="java.runtime.version" value="18+0"/>
    <property name="user.name" value="nishthabhardwaj"/>
    <property name="path.separator" value=":"/>
    <property name="os.version" value="12.2"/>
    <property name="java.runtime.name" value="OpenJDK Runtime Environment"/>
    <property name="file.encoding" value="UTF-8"/>
    <property name="java.vm.name" value="OpenJDK 64-Bit Server VM"/>
    <property name="java.vendor.version" value="Homebrew"/>
    <property name="localRepository" value="/Users/nishthabhardwaj/.m2/repository"/>
    <property name="java.vendor.url.bug" value="https://github.com/Homebrew/homebrew-core/issues"/>
    <property name="java.io.tmpdir" value="/var/folders/8m/b7lwnwrj6fvfhnh7nxbl53_r0000gn/T/"/>
    <property name="java.version" value="18"/>
    <property name="user.dir" value="/Volumes/development/api-testing"/>
    <property name="os.arch" value="aarch64"/>
    <property name="java.vm.specification.name" value="Java Virtual Machine Specification"/>
    <property name="native.encoding" value="US-ASCII"/>
    <property name="java.library.path" value="/Users/nishthabhardwaj/Library/Java/Extensions:/Library/Java/Extensions:/Network/Library/Java/Extensions:/System/Library/Java/Extensions:/usr/lib/java:."/>
    <property name="java.vm.info" value="mixed mode, sharing"/>
    <property name="java.vendor" value="Homebrew"/>
    <property name="java.vm.version" value="18+0"/>
    <property name="sun.io.unicode.encoding" value="UnicodeBig"/>
    <property name="socksNonProxyHosts" value="local|*.local|169.254/16|*.169.254/16"/>
    <property name="java.class.version" value="62.0"/>
  </properties>
  <testcase name="executeKarateTests" classname="com.api.automation.ParallelRunner" time="0.123">
    <error type="java.lang.ExceptionInInitializerError">java.lang.ExceptionInInitializerError
	at com.api.automation.ParallelRunner.executeKarateTests(ParallelRunner.java:13)
Caused by: java.lang.NullPointerException: Cannot invoke "javax.script.ScriptEngine.createBindings()" because "com.intuit.karate.ScriptBindings.NASHORN" is null
	at com.api.automation.ParallelRunner.executeKarateTests(ParallelRunner.java:13)
</error>
  </testcase>
</testsuite>